[49m
[39m
 ................................................................................................................................................................................................................................................................






          ***********************************************************
          *         D I S C U S - S U I T E  Version 6.05.00        *
          *                                                         *
          *         OpenMP is active; maximum threads   1           *
          *         Created : 2021-01-19                            *
          *---------------------------------------------------------*
          * (c) R.B. Neder  (reinhard.neder@fau.de)                 *
          * (c) T. Proffen  (tproffen@ornl.gov    )                 *
          ***********************************************************

 Start directory  : /var/www/cgi-bin/DiscusOnline/nano/macros/ellipsoid/
 Access manuals at each section with   : manual
 Access help at each section/menu with : help  
 News at each section/Command_lang in  : help News
 Change font size with                 : CTRL + /CTRL -
 ------ > Reading macro main.mac 5,5,cells/nano_znse.cell,neut,3,/var/www/html/DiscusOnline/nano/Output/ellipsoid.1613060876


 suite>  
 suite>  
 suite>  
 suite>  
 suite>  
 suite>  
 suite>  
 suite>  
 suite>  
 suite>  
 suite>  
 suite>  
 suite>  
 suite>  
 suite>  
 suite>  
 suite>  
 suite>  
 suite>  
 suite>  
 suite>  
 suite>  
 suite>  
 suite>  
 suite>  
 suite>  
 suite>  
 suite>  
 suite>  
 suite>  
 suite>  
 suite>  
 suite>  
 suite>  
 suite>  
 suite>  
 suite>  
 suite>  
 suite>  
 suite>  
 suite>  
 suite>  
 suite>  
 suite>  
 suite>  
 suite>  
 suite>  
 suite>  
 suite>  
 suite>  
 suite>  
 suite>  
 suite>  
 suite>  
 suite>  
 suite>  
 suite>  
 suite>  
 suite> discus
 discus>  
 discus> variable real,    radius_ab
 discus> variable real,    radius_c
 discus> variable real,    radius
 discus> variable integer, ncell_ab
 discus> variable integer, ncell_c
 discus> variable real,    rhozero
 discus>  
 discus> read
 discus/read> cell cells/nano_znse.cell
 P63mc             186
 Lattice constants :
    a          b          c         alpha      beta       gamma      volume
    3.99700    3.99700    6.50100   90.00000   90.00000  120.00000    89.9454    

 Metric Tensor     :
      15.97601     -7.98800      0.00000
      -7.98800     15.97601      0.00000
       0.00000      0.00000     42.26300

 Reciprocal Lattice constants :
    a*         b*         c*        alpha*     beta*      gamma*     volume
    0.28889    0.28889    0.15382   90.00000   90.00000   60.00000   0.111179E-01

 Reciprocal metric tensor     : 
       0.08346      0.04173      0.00000
       0.04173      0.08346      0.00000
       0.00000      0.00000      0.02366

 discus>  
 discus> rhozero = n[1]/vol[1]
 discus>  
 discus> radius_ab = 5
 discus> radius_c  = 5
 discus> radius    = max(radius_ab,radius_c)
 discus> ncell_ab  = 2*(nint(radius_ab/lat[1])+1)
 discus> ncell_c   = 2*(nint(radius_c /lat[3])+1)
 discus>  
 discus> read
 discus/read> cell cells/nano_znse.cell,ncell_ab,ncell_ab,ncell_c
 P63mc             186
 Lattice constants :
    a          b          c         alpha      beta       gamma      volume
    3.99700    3.99700    6.50100   90.00000   90.00000  120.00000    89.9454    

 Metric Tensor     :
      15.97601     -7.98800      0.00000
      -7.98800     15.97601      0.00000
       0.00000      0.00000     42.26300

 Reciprocal Lattice constants :
    a*         b*         c*        alpha*     beta*      gamma*     volume
    0.28889    0.28889    0.15382   90.00000   90.00000   60.00000   0.111179E-01

 Reciprocal metric tensor     : 
       0.08346      0.04173      0.00000
       0.04173      0.08346      0.00000
       0.00000      0.00000      0.02366

 discus>  
 discus> @shear    radius_ab, radius_c
 discus>  
 discus>  
 discus> shear
 discus/shear> matrix 1,0,0, 0,1,0, 0,0,radius_ab/radius_c
 discus/shear> origin 0,0,0, crystal
 discus/shear> sel    all
 discus/shear> incl   all
 discus/shear> show
 Origin of shear element  :        0.0000       0.0000       0.0000  rel. to crystal
 Real space matrix        :        1.0000       0.0000       0.0000       0.0000
                          :        0.0000       1.0000       0.0000       0.0000
                          :        0.0000       0.0000       1.0000       0.0000

 Mode of shear operation  :   Shear atoms
 Molecule status          :   Keep molecule type
 Selected atom types      :   VOID(0)   ZN(1)     SE(2)    
 Range of selected atoms  :   All atoms included
 discus/shear> run
 discus/shear> exit
 discus> boundary  sphere   , radius_ab
 discus> @shear    radius_c , radius_ab
 discus>  
 discus>  
 discus> shear
 discus/shear> matrix 1,0,0, 0,1,0, 0,0,radius_c/radius_ab
 discus/shear> origin 0,0,0, crystal
 discus/shear> sel    all
 discus/shear> incl   all
 discus/shear> show
 Origin of shear element  :        0.0000       0.0000       0.0000  rel. to crystal
 Real space matrix        :        1.0000       0.0000       0.0000       0.0000
                          :        0.0000       1.0000       0.0000       0.0000
                          :        0.0000       0.0000       1.0000       0.0000

 Mode of shear operation  :   Shear atoms
 Molecule status          :   Keep molecule type
